android/app/build/intermediates/manifest_merge_blame_file/debug/processDebugMainManifest/manifest-merger-blame-debug-report.txt
1<?xml version="1.0" encoding="utf-8"?>
2<manifest xmlns:android="http://schemas.android.com/apk/res/android"
3    package="com.example.green_city"
4    android:versionCode="1"
5    android:versionName="1.0.0" >
6
7    <uses-sdk
8        android:minSdkVersion="23"
9        android:targetSdkVersion="35" />
10    <!--
11         The INTERNET permission is required for development. Specifically,
12         the Flutter tool needs it to communicate with the running application
13         to allow setting breakpoints, to provide hot reload, etc.
14    -->
15    <uses-permission android:name="android.permission.INTERNET" />
15-->src\main\AndroidManifest.xml:2:5-67
15-->src\main\AndroidManifest.xml:2:22-64
16    <!--
17     Required to query activities that can process text, see:
18         https://developer.android.com/training/package-visibility and
19         https://developer.android.com/reference/android/content/Intent#ACTION_PROCESS_TEXT.
20
21         In particular, this is used by the Flutter engine in io.flutter.plugin.text.ProcessTextPlugin.
22    -->
23    <queries>
23-->src\main\AndroidManifest.xml:61:5-66:15
24        <intent>
24-->src\main\AndroidManifest.xml:62:9-65:18
25            <action android:name="android.intent.action.PROCESS_TEXT" />
25-->src\main\AndroidManifest.xml:63:13-73
25-->src\main\AndroidManifest.xml:63:21-70
26
27            <data android:mimeType="text/plain" />
27-->src\main\AndroidManifest.xml:64:13-51
27-->src\main\AndroidManifest.xml:64:19-48
28        </intent>
29
30        <package android:name="com.facebook.katana" />
30-->[com.facebook.android:facebook-common:18.0.3] AndroidManifest.xml:16:9-55
30-->[com.facebook.android:facebook-common:18.0.3] AndroidManifest.xml:16:18-52
31    </queries>
32
33    <uses-permission android:name="android.permission.ACCESS_NETWORK_STATE" />
33-->[androidx.media3:media3-common:1.4.1] AndroidManifest.xml:22:5-79
33-->[androidx.media3:media3-common:1.4.1] AndroidManifest.xml:22:22-76
34    <uses-permission android:name="com.google.android.gms.permission.AD_ID" /> <!-- Support for Google Privacy Sandbox adservices API -->
34-->[com.facebook.android:facebook-core:18.0.3] AndroidManifest.xml:14:5-79
34-->[com.facebook.android:facebook-core:18.0.3] AndroidManifest.xml:14:22-76
35    <uses-permission android:name="android.permission.ACCESS_ADSERVICES_ATTRIBUTION" />
35-->[com.facebook.android:facebook-core:18.0.3] AndroidManifest.xml:16:5-88
35-->[com.facebook.android:facebook-core:18.0.3] AndroidManifest.xml:16:22-85
36    <uses-permission android:name="android.permission.ACCESS_ADSERVICES_AD_ID" />
36-->[com.facebook.android:facebook-core:18.0.3] AndroidManifest.xml:17:5-82
36-->[com.facebook.android:facebook-core:18.0.3] AndroidManifest.xml:17:22-79
37    <uses-permission android:name="android.permission.ACCESS_ADSERVICES_CUSTOM_AUDIENCE" />
37-->[com.facebook.android:facebook-core:18.0.3] AndroidManifest.xml:18:5-92
37-->[com.facebook.android:facebook-core:18.0.3] AndroidManifest.xml:18:22-89
38    <uses-permission android:name="android.permission.ACCESS_ADSERVICES_TOPICS" />
38-->[com.facebook.android:facebook-core:18.0.3] AndroidManifest.xml:19:5-83
38-->[com.facebook.android:facebook-core:18.0.3] AndroidManifest.xml:19:22-80
39
40    <permission
40-->[androidx.core:core:1.13.1] AndroidManifest.xml:22:5-24:47
41        android:name="com.example.green_city.DYNAMIC_RECEIVER_NOT_EXPORTED_PERMISSION"
41-->[androidx.core:core:1.13.1] AndroidManifest.xml:23:9-81
42        android:protectionLevel="signature" />
42-->[androidx.core:core:1.13.1] AndroidManifest.xml:24:9-44
43
44    <uses-permission android:name="com.example.green_city.DYNAMIC_RECEIVER_NOT_EXPORTED_PERMISSION" />
44-->[androidx.core:core:1.13.1] AndroidManifest.xml:26:5-97
44-->[androidx.core:core:1.13.1] AndroidManifest.xml:26:22-94
45    <uses-permission android:name="com.google.android.finsky.permission.BIND_GET_INSTALL_REFERRER_SERVICE" />
45-->[com.android.installreferrer:installreferrer:1.0] AndroidManifest.xml:9:5-110
45-->[com.android.installreferrer:installreferrer:1.0] AndroidManifest.xml:9:22-107
46
47    <application
48        android:name="android.app.Application"
49        android:appComponentFactory="androidx.core.app.CoreComponentFactory"
49-->[androidx.core:core:1.13.1] AndroidManifest.xml:28:18-86
50        android:debuggable="true"
51        android:extractNativeLibs="false"
52        android:icon="@mipmap/green_city_icon"
53        android:label="Green City"
54        android:supportsRtl="true" >
54-->[com.facebook.android:facebook-login:18.0.3] AndroidManifest.xml:14:18-44
55        <activity
56            android:name="com.example.green_city.MainActivity"
57            android:configChanges="orientation|keyboardHidden|keyboard|screenSize|smallestScreenSize|locale|layoutDirection|fontScale|screenLayout|density|uiMode"
58            android:exported="true"
59            android:hardwareAccelerated="true"
60            android:launchMode="singleTop"
61            android:taskAffinity=""
62            android:theme="@style/LaunchTheme"
63            android:windowSoftInputMode="adjustResize" >
64
65            <!--
66                 Specifies an Android theme to apply to this Activity as soon as
67                 the Android process has started. This theme is visible to the user
68                 while the Flutter UI initializes. After that, this theme continues
69                 to determine the Window background behind the Flutter UI.
70            -->
71            <meta-data
72                android:name="io.flutter.embedding.android.NormalTheme"
73                android:resource="@style/NormalTheme" />
74
75            <intent-filter>
76                <action android:name="android.intent.action.MAIN" />
77
78                <category android:name="android.intent.category.LAUNCHER" />
79            </intent-filter>
80        </activity>
81        <activity
82            android:name="com.facebook.FacebookActivity"
83            android:configChanges="keyboard|keyboardHidden|screenLayout|screenSize|orientation"
84            android:label="@string/app_name"
85            android:theme="@style/com_facebook_activity_theme" />
85-->[com.facebook.android:facebook-common:18.0.3] AndroidManifest.xml:23:13-63
86        <activity
87            android:name="com.facebook.CustomTabActivity"
88            android:exported="true" >
89            <intent-filter>
90                <action android:name="android.intent.action.VIEW" />
90-->[com.facebook.android:facebook-common:18.0.3] AndroidManifest.xml:30:17-69
90-->[com.facebook.android:facebook-common:18.0.3] AndroidManifest.xml:30:25-66
91
92                <category android:name="android.intent.category.DEFAULT" />
92-->[com.facebook.android:facebook-common:18.0.3] AndroidManifest.xml:32:17-76
92-->[com.facebook.android:facebook-common:18.0.3] AndroidManifest.xml:32:27-73
93                <category android:name="android.intent.category.BROWSABLE" />
93-->[com.facebook.android:facebook-common:18.0.3] AndroidManifest.xml:33:17-78
93-->[com.facebook.android:facebook-common:18.0.3] AndroidManifest.xml:33:27-75
94
95                <data android:scheme="@string/fb_login_protocol_scheme" />
95-->src\main\AndroidManifest.xml:64:13-51
96            </intent-filter>
97            <intent-filter>
97-->[com.facebook.android:facebook-common:18.0.3] AndroidManifest.xml:29:13-38:29
98                <action android:name="android.intent.action.VIEW" />
98-->[com.facebook.android:facebook-common:18.0.3] AndroidManifest.xml:30:17-69
98-->[com.facebook.android:facebook-common:18.0.3] AndroidManifest.xml:30:25-66
99
100                <category android:name="android.intent.category.DEFAULT" />
100-->[com.facebook.android:facebook-common:18.0.3] AndroidManifest.xml:32:17-76
100-->[com.facebook.android:facebook-common:18.0.3] AndroidManifest.xml:32:27-73
101                <category android:name="android.intent.category.BROWSABLE" />
101-->[com.facebook.android:facebook-common:18.0.3] AndroidManifest.xml:33:17-78
101-->[com.facebook.android:facebook-common:18.0.3] AndroidManifest.xml:33:27-75
102
103                <data
103-->src\main\AndroidManifest.xml:64:13-51
104                    android:host="cct.com.example.green_city"
105                    android:scheme="fbconnect" />
106            </intent-filter>
107        </activity>
108
109        <!--
110             Don't delete the meta-data below.
111             This is used by the Flutter tool to generate GeneratedPluginRegistrant.java
112        -->
113        <meta-data
114            android:name="flutterEmbedding"
115            android:value="2" />
116        <meta-data
117            android:name="com.facebook.sdk.ApplicationId"
118            android:value="@string/facebook_app_id" />
119        <meta-data
120            android:name="com.facebook.sdk.ClientToken"
121            android:value="@string/facebook_client_token" />
122
123        <provider
123-->[:image_picker_android] AndroidManifest.xml:9:9-17:20
124            android:name="io.flutter.plugins.imagepicker.ImagePickerFileProvider"
124-->[:image_picker_android] AndroidManifest.xml:10:13-82
125            android:authorities="com.example.green_city.flutter.image_provider"
125-->[:image_picker_android] AndroidManifest.xml:11:13-74
126            android:exported="false"
126-->[:image_picker_android] AndroidManifest.xml:12:13-37
127            android:grantUriPermissions="true" >
127-->[:image_picker_android] AndroidManifest.xml:13:13-47
128            <meta-data
128-->[:image_picker_android] AndroidManifest.xml:14:13-16:75
129                android:name="android.support.FILE_PROVIDER_PATHS"
129-->[:image_picker_android] AndroidManifest.xml:15:17-67
130                android:resource="@xml/flutter_image_picker_file_paths" />
130-->[:image_picker_android] AndroidManifest.xml:16:17-72
131        </provider> <!-- Trigger Google Play services to install the backported photo picker module. -->
132        <service
132-->[:image_picker_android] AndroidManifest.xml:19:9-31:19
133            android:name="com.google.android.gms.metadata.ModuleDependencies"
133-->[:image_picker_android] AndroidManifest.xml:20:13-78
134            android:enabled="false"
134-->[:image_picker_android] AndroidManifest.xml:21:13-36
135            android:exported="false" >
135-->[:image_picker_android] AndroidManifest.xml:22:13-37
136            <intent-filter>
136-->[:image_picker_android] AndroidManifest.xml:24:13-26:29
137                <action android:name="com.google.android.gms.metadata.MODULE_DEPENDENCIES" />
137-->[:image_picker_android] AndroidManifest.xml:25:17-94
137-->[:image_picker_android] AndroidManifest.xml:25:25-91
138            </intent-filter>
139
140            <meta-data
140-->[:image_picker_android] AndroidManifest.xml:28:13-30:36
141                android:name="photopicker_activity:0:required"
141-->[:image_picker_android] AndroidManifest.xml:29:17-63
142                android:value="" />
142-->[:image_picker_android] AndroidManifest.xml:30:17-33
143        </service>
144
145        <activity
145-->[:url_launcher_android] AndroidManifest.xml:8:9-11:74
146            android:name="io.flutter.plugins.urllauncher.WebViewActivity"
146-->[:url_launcher_android] AndroidManifest.xml:9:13-74
147            android:exported="false"
147-->[:url_launcher_android] AndroidManifest.xml:10:13-37
148            android:theme="@android:style/Theme.NoTitleBar.Fullscreen" />
148-->[:url_launcher_android] AndroidManifest.xml:11:13-71
149        <activity android:name="com.facebook.CustomTabMainActivity" />
149-->[com.facebook.android:facebook-common:18.0.3] AndroidManifest.xml:24:9-71
149-->[com.facebook.android:facebook-common:18.0.3] AndroidManifest.xml:24:19-68
150        <activity
150-->[com.google.android.gms:play-services-auth:21.0.0] AndroidManifest.xml:23:9-27:75
151            android:name="com.google.android.gms.auth.api.signin.internal.SignInHubActivity"
151-->[com.google.android.gms:play-services-auth:21.0.0] AndroidManifest.xml:24:13-93
152            android:excludeFromRecents="true"
152-->[com.google.android.gms:play-services-auth:21.0.0] AndroidManifest.xml:25:13-46
153            android:exported="false"
153-->[com.google.android.gms:play-services-auth:21.0.0] AndroidManifest.xml:26:13-37
154            android:theme="@android:style/Theme.Translucent.NoTitleBar" />
154-->[com.google.android.gms:play-services-auth:21.0.0] AndroidManifest.xml:27:13-72
155        <!--
156            Service handling Google Sign-In user revocation. For apps that do not integrate with
157            Google Sign-In, this service will never be started.
158        -->
159        <service
159-->[com.google.android.gms:play-services-auth:21.0.0] AndroidManifest.xml:33:9-37:51
160            android:name="com.google.android.gms.auth.api.signin.RevocationBoundService"
160-->[com.google.android.gms:play-services-auth:21.0.0] AndroidManifest.xml:34:13-89
161            android:exported="true"
161-->[com.google.android.gms:play-services-auth:21.0.0] AndroidManifest.xml:35:13-36
162            android:permission="com.google.android.gms.auth.api.signin.permission.REVOCATION_NOTIFICATION"
162-->[com.google.android.gms:play-services-auth:21.0.0] AndroidManifest.xml:36:13-107
163            android:visibleToInstantApps="true" />
163-->[com.google.android.gms:play-services-auth:21.0.0] AndroidManifest.xml:37:13-48
164
165        <activity
165-->[com.google.android.gms:play-services-base:18.0.1] AndroidManifest.xml:20:9-22:45
166            android:name="com.google.android.gms.common.api.GoogleApiActivity"
166-->[com.google.android.gms:play-services-base:18.0.1] AndroidManifest.xml:20:19-85
167            android:exported="false"
167-->[com.google.android.gms:play-services-base:18.0.1] AndroidManifest.xml:22:19-43
168            android:theme="@android:style/Theme.Translucent.NoTitleBar" />
168-->[com.google.android.gms:play-services-base:18.0.1] AndroidManifest.xml:21:19-78
169
170        <meta-data
170-->[com.google.android.gms:play-services-basement:18.2.0] AndroidManifest.xml:21:9-23:69
171            android:name="com.google.android.gms.version"
171-->[com.google.android.gms:play-services-basement:18.2.0] AndroidManifest.xml:22:13-58
172            android:value="@integer/google_play_services_version" />
172-->[com.google.android.gms:play-services-basement:18.2.0] AndroidManifest.xml:23:13-66
173
174        <uses-library
174-->[androidx.window:window:1.2.0] AndroidManifest.xml:23:9-25:40
175            android:name="androidx.window.extensions"
175-->[androidx.window:window:1.2.0] AndroidManifest.xml:24:13-54
176            android:required="false" />
176-->[androidx.window:window:1.2.0] AndroidManifest.xml:25:13-37
177        <uses-library
177-->[androidx.window:window:1.2.0] AndroidManifest.xml:26:9-28:40
178            android:name="androidx.window.sidecar"
178-->[androidx.window:window:1.2.0] AndroidManifest.xml:27:13-51
179            android:required="false" />
179-->[androidx.window:window:1.2.0] AndroidManifest.xml:28:13-37
180        <!--
181         The initialization ContentProvider will call FacebookSdk.sdkInitialize automatically
182         with the application context. This config is merged in with the host app's manifest,
183         but there can only be one provider with the same authority activated at any given
184         point; so if the end user has two or more different apps that use Facebook SDK, only the
185         first one will be able to use the provider. To work around this problem, we use the
186         following placeholder in the authority to identify each host application as if it was
187         a completely different provider.
188        -->
189        <provider
189-->[com.facebook.android:facebook-core:18.0.3] AndroidManifest.xml:32:9-35:40
190            android:name="com.facebook.internal.FacebookInitProvider"
190-->[com.facebook.android:facebook-core:18.0.3] AndroidManifest.xml:33:13-70
191            android:authorities="com.example.green_city.FacebookInitProvider"
191-->[com.facebook.android:facebook-core:18.0.3] AndroidManifest.xml:34:13-72
192            android:exported="false" />
192-->[com.facebook.android:facebook-core:18.0.3] AndroidManifest.xml:35:13-37
193
194        <receiver
194-->[com.facebook.android:facebook-core:18.0.3] AndroidManifest.xml:37:9-43:20
195            android:name="com.facebook.CurrentAccessTokenExpirationBroadcastReceiver"
195-->[com.facebook.android:facebook-core:18.0.3] AndroidManifest.xml:38:13-86
196            android:exported="false" >
196-->[com.facebook.android:facebook-core:18.0.3] AndroidManifest.xml:39:13-37
197            <intent-filter>
197-->[com.facebook.android:facebook-core:18.0.3] AndroidManifest.xml:40:13-42:29
198                <action android:name="com.facebook.sdk.ACTION_CURRENT_ACCESS_TOKEN_CHANGED" />
198-->[com.facebook.android:facebook-core:18.0.3] AndroidManifest.xml:41:17-95
198-->[com.facebook.android:facebook-core:18.0.3] AndroidManifest.xml:41:25-92
199            </intent-filter>
200        </receiver>
201        <receiver
201-->[com.facebook.android:facebook-core:18.0.3] AndroidManifest.xml:44:9-50:20
202            android:name="com.facebook.AuthenticationTokenManager$CurrentAuthenticationTokenChangedBroadcastReceiver"
202-->[com.facebook.android:facebook-core:18.0.3] AndroidManifest.xml:45:13-118
203            android:exported="false" >
203-->[com.facebook.android:facebook-core:18.0.3] AndroidManifest.xml:46:13-37
204            <intent-filter>
204-->[com.facebook.android:facebook-core:18.0.3] AndroidManifest.xml:47:13-49:29
205                <action android:name="com.facebook.sdk.ACTION_CURRENT_AUTHENTICATION_TOKEN_CHANGED" />
205-->[com.facebook.android:facebook-core:18.0.3] AndroidManifest.xml:48:17-103
205-->[com.facebook.android:facebook-core:18.0.3] AndroidManifest.xml:48:25-100
206            </intent-filter>
207        </receiver>
208
209        <provider
209-->[androidx.lifecycle:lifecycle-process:2.7.0] AndroidManifest.xml:24:9-32:20
210            android:name="androidx.startup.InitializationProvider"
210-->[androidx.lifecycle:lifecycle-process:2.7.0] AndroidManifest.xml:25:13-67
211            android:authorities="com.example.green_city.androidx-startup"
211-->[androidx.lifecycle:lifecycle-process:2.7.0] AndroidManifest.xml:26:13-68
212            android:exported="false" >
212-->[androidx.lifecycle:lifecycle-process:2.7.0] AndroidManifest.xml:27:13-37
213            <meta-data
213-->[androidx.lifecycle:lifecycle-process:2.7.0] AndroidManifest.xml:29:13-31:52
214                android:name="androidx.lifecycle.ProcessLifecycleInitializer"
214-->[androidx.lifecycle:lifecycle-process:2.7.0] AndroidManifest.xml:30:17-78
215                android:value="androidx.startup" />
215-->[androidx.lifecycle:lifecycle-process:2.7.0] AndroidManifest.xml:31:17-49
216            <meta-data
216-->[androidx.profileinstaller:profileinstaller:1.3.1] AndroidManifest.xml:29:13-31:52
217                android:name="androidx.profileinstaller.ProfileInstallerInitializer"
217-->[androidx.profileinstaller:profileinstaller:1.3.1] AndroidManifest.xml:30:17-85
218                android:value="androidx.startup" />
218-->[androidx.profileinstaller:profileinstaller:1.3.1] AndroidManifest.xml:31:17-49
219        </provider>
220
221        <receiver
221-->[androidx.profileinstaller:profileinstaller:1.3.1] AndroidManifest.xml:34:9-52:20
222            android:name="androidx.profileinstaller.ProfileInstallReceiver"
222-->[androidx.profileinstaller:profileinstaller:1.3.1] AndroidManifest.xml:35:13-76
223            android:directBootAware="false"
223-->[androidx.profileinstaller:profileinstaller:1.3.1] AndroidManifest.xml:36:13-44
224            android:enabled="true"
224-->[androidx.profileinstaller:profileinstaller:1.3.1] AndroidManifest.xml:37:13-35
225            android:exported="true"
225-->[androidx.profileinstaller:profileinstaller:1.3.1] AndroidManifest.xml:38:13-36
226            android:permission="android.permission.DUMP" >
226-->[androidx.profileinstaller:profileinstaller:1.3.1] AndroidManifest.xml:39:13-57
227            <intent-filter>
227-->[androidx.profileinstaller:profileinstaller:1.3.1] AndroidManifest.xml:40:13-42:29
228                <action android:name="androidx.profileinstaller.action.INSTALL_PROFILE" />
228-->[androidx.profileinstaller:profileinstaller:1.3.1] AndroidManifest.xml:41:17-91
228-->[androidx.profileinstaller:profileinstaller:1.3.1] AndroidManifest.xml:41:25-88
229            </intent-filter>
230            <intent-filter>
230-->[androidx.profileinstaller:profileinstaller:1.3.1] AndroidManifest.xml:43:13-45:29
231                <action android:name="androidx.profileinstaller.action.SKIP_FILE" />
231-->[androidx.profileinstaller:profileinstaller:1.3.1] AndroidManifest.xml:44:17-85
231-->[androidx.profileinstaller:profileinstaller:1.3.1] AndroidManifest.xml:44:25-82
232            </intent-filter>
233            <intent-filter>
233-->[androidx.profileinstaller:profileinstaller:1.3.1] AndroidManifest.xml:46:13-48:29
234                <action android:name="androidx.profileinstaller.action.SAVE_PROFILE" />
234-->[androidx.profileinstaller:profileinstaller:1.3.1] AndroidManifest.xml:47:17-88
234-->[androidx.profileinstaller:profileinstaller:1.3.1] AndroidManifest.xml:47:25-85
235            </intent-filter>
236            <intent-filter>
236-->[androidx.profileinstaller:profileinstaller:1.3.1] AndroidManifest.xml:49:13-51:29
237                <action android:name="androidx.profileinstaller.action.BENCHMARK_OPERATION" />
237-->[androidx.profileinstaller:profileinstaller:1.3.1] AndroidManifest.xml:50:17-95
237-->[androidx.profileinstaller:profileinstaller:1.3.1] AndroidManifest.xml:50:25-92
238            </intent-filter>
239        </receiver>
240    </application>
241
242</manifest>